<?xml version="1.0" encoding="UTF-8"?>
<testng-results ignored="0" total="1" passed="1" failed="0" skipped="0">
  <reporter-output>
  </reporter-output>
  <suite started-at="2024-03-13T22:00:18 GMT+01:00" name="inetBankingV1" finished-at="2024-03-13T22:00:43 GMT+01:00" duration-ms="24488">
    <groups>
    </groups>
    <test started-at="2024-03-13T22:00:18 GMT+01:00" name="BankingApp Test" finished-at="2024-03-13T22:00:43 GMT+01:00" duration-ms="24488">
      <class name="com.inetbanking.testCases.TC_AddCustomerTest_003">
        <test-method is-config="true" signature="setup(java.lang.String)[pri:0, instance:com.inetbanking.testCases.TC_AddCustomerTest_003@34e9fd99]" started-at="2024-03-13T22:00:18 GMT+01:00" name="setup" finished-at="2024-03-13T22:00:26 GMT+01:00" duration-ms="7960" status="PASS">
          <params>
            <param index="0">
              <value>
                <![CDATA[chrome]]>
              </value>
            </param>
          </params>
          <reporter-output>
          </reporter-output>
        </test-method> <!-- setup -->
        <test-method signature="addNewCustomer()[pri:0, instance:com.inetbanking.testCases.TC_AddCustomerTest_003@34e9fd99]" started-at="2024-03-13T22:00:26 GMT+01:00" name="addNewCustomer" finished-at="2024-03-13T22:00:42 GMT+01:00" duration-ms="16064" status="PASS">
          <reporter-output>
          </reporter-output>
        </test-method> <!-- addNewCustomer -->
        <test-method is-config="true" signature="tearDown()[pri:0, instance:com.inetbanking.testCases.TC_AddCustomerTest_003@34e9fd99]" started-at="2024-03-13T22:00:42 GMT+01:00" name="tearDown" finished-at="2024-03-13T22:00:43 GMT+01:00" duration-ms="423" status="PASS">
          <reporter-output>
          </reporter-output>
        </test-method> <!-- tearDown -->
      </class> <!-- com.inetbanking.testCases.TC_AddCustomerTest_003 -->
    </test> <!-- BankingApp Test -->
  </suite> <!-- inetBankingV1 -->
</testng-results>
